<testsuites id="" name="" tests="11" failures="2" skipped="0" errors="0" time="18.710463">
<testsuite name="frontend/auth.setup.ts" timestamp="2025-05-01T19:56:56.301Z" hostname="setup" tests="1" failures="0" skipped="0" time="1.793" errors="0">
<testcase name="Authenticate as valid user" classname="frontend/auth.setup.ts" time="1.793">
</testcase>
</testsuite>
<testsuite name="frontend/specs/buyProduct.spec.ts" timestamp="2025-05-01T19:56:56.301Z" hostname="ui" tests="2" failures="1" skipped="0" time="24.267" errors="0">
<testcase name="Buy Product Scenarios › Should successfully buy featured product @ui @product" classname="frontend/specs/buyProduct.spec.ts" time="12.999">
<failure message="buyProduct.spec.ts:16:7 Should successfully buy featured product @ui @product" type="FAILURE">
<![CDATA[  [ui] › frontend/specs/buyProduct.spec.ts:16:7 › Buy Product Scenarios › Should successfully buy featured product @ui @product 

    Error: Timed out 5000ms waiting for expect(locator).toHaveTitle(expected)

    Locator: locator(':root')
    Expected string: "Thank you for your purchase! - Monkey Bakery - Checkout"
    Received string: "Checkout - Monkey Bakery"
    Call log:
      - expect.toHaveTitle with timeout 5000ms
      - waiting for locator(':root')
        9 × locator resolved to <html lang="en" dir="ltr">…</html>
          - unexpected value "Checkout - Monkey Bakery"


       at frontend/src/pages/OrderConfirmationPage.ts:126

      124 |     productDetails: productDetails
      125 |   ): Promise<void> {
    > 126 |     await expect(this.page).toHaveTitle(
          |                             ^
      127 |       pageTitles.orderConfirmationPage.default
      128 |     );
      129 |     await this.validateTitle(userDetails);
        at OrderConfirmationPage.validateOrderConfirmationPage (/Users/isabelaalborghetti/Documents/Home-Assessment-Challenge/tests/frontend/src/pages/OrderConfirmationPage.ts:126:29)
        at /Users/isabelaalborghetti/Documents/Home-Assessment-Challenge/tests/frontend/specs/buyProduct.spec.ts:25:33

    attachment #1: screenshot (image/png) ──────────────────────────────────────────────────────────
    test-results/specs-buyProduct-Buy-Produ-bea97-featured-product-ui-product-ui/test-failed-1.png
    ────────────────────────────────────────────────────────────────────────────────────────────────

    Error Context: ../test-results/specs-buyProduct-Buy-Produ-bea97-featured-product-ui-product-ui/error-context.md
]]>
</failure>
<system-out>
<![CDATA[Successfully navigated to the checkout page for: Monkey Bread Baking Kit
Email filled with: Makenzie_Champlin@gmail.com
Delivery form filled with: {
  name: [32m'Kyla'[39m,
  lastName: [32m'Corwin'[39m,
  postalCode: [32m'4836'[39m,
  address: [32m'7497 Kemmer Fields'[39m,
  city: [32m'Friesenhaven'[39m,
  optionalAddress: [90mundefined[39m,
  saveInfo: [90mundefined[39m,
  country: [32m'United States'[39m,
  state: [32m'ME'[39m
}
Shipping price: 10.00
Shipping method: Standard Shipping
Payment form filled
Order summary validated successfully
Checkout process completed successfully

[[ATTACHMENT|specs-buyProduct-Buy-Produ-bea97-featured-product-ui-product-ui/test-failed-1.png]]

[[ATTACHMENT|specs-buyProduct-Buy-Produ-bea97-featured-product-ui-product-ui/error-context.md]]
]]>
</system-out>
</testcase>
<testcase name="Buy Product Scenarios › Should unsuccessfully buy product @ui @product" classname="frontend/specs/buyProduct.spec.ts" time="11.268">
<system-out>
<![CDATA[Successfully navigated to the checkout page for: Monkey Bread Baking Kit
Email filled with: Gilberto_Douglas@gmail.com
Delivery form filled with: {
  name: [32m'Kyra'[39m,
  lastName: [32m'Lindgren'[39m,
  postalCode: [32m'79187'[39m,
  address: [32m'54938 Aylin Knolls'[39m,
  city: [32m'Colbyhaven'[39m,
  optionalAddress: [90mundefined[39m,
  saveInfo: [90mundefined[39m,
  country: [32m'United States'[39m,
  state: [32m'TX'[39m
}
Shipping price: 10.00
Shipping method: Standard Shipping
Payment form filled
Unsuccessful checkout process completed
]]>
</system-out>
</testcase>
</testsuite>
<testsuite name="frontend/specs/cart.spec.ts" timestamp="2025-05-01T19:56:56.301Z" hostname="ui" tests="2" failures="0" skipped="0" time="17.687" errors="0">
<testcase name="Cart Scenarios › Should successfully add product to cart via search @ui @cart" classname="frontend/specs/cart.spec.ts" time="9.461">
<system-out>
<![CDATA[Successfully searched for: chocolate
Product details validated
Successfully validated the cart notification for: Chocolate Swirl Monkey Bread Loaf
Successfully navigated to the cart page via cart notification
Successfully validated: Chocolate Swirl Monkey Bread Loaf in cart
Successfully validated estimated total: $14.99
]]>
</system-out>
</testcase>
<testcase name="Cart Scenarios › Should successfully edit cart @ui @cart" classname="frontend/specs/cart.spec.ts" time="8.226">
<system-out>
<![CDATA[Product details validated
Successfully validated the cart notification for: Banana Nut Monkey Muffins
Successfully navigated to the cart page via cart notification
Successfully validated: Banana Nut Monkey Muffins in cart
Successfully validated estimated total: $8.99
Successfully added 1 Banana Nut Monkey Muffins to cart. New quantity: 2, expected total price: $17.98
Successfully removed 1 Banana Nut Monkey Muffins from cart. New quantity: 1, expected total price: $8.99
]]>
</system-out>
</testcase>
</testsuite>
<testsuite name="frontend/specs/catalog.spec.ts" timestamp="2025-05-01T19:56:56.301Z" hostname="ui" tests="1" failures="0" skipped="0" time="4.575" errors="0">
<testcase name="Catalog Scenarios › Should successfully validate catalog page @ui @catalog" classname="frontend/specs/catalog.spec.ts" time="4.575">
<system-out>
<![CDATA[Successfully navigated to the Catalog page
]]>
</system-out>
</testcase>
</testsuite>
<testsuite name="backend/specs/contest.spec.ts" timestamp="2025-05-01T19:56:56.301Z" hostname="api" tests="1" failures="0" skipped="0" time="0.258" errors="0">
<testcase name="Contest Type API Tests › Should return valid contest type data for a random contest type @api @contest" classname="backend/specs/contest.spec.ts" time="0.258">
<system-out>
<![CDATA[Successfully validated the structure of the contest type data
]]>
</system-out>
</testcase>
</testsuite>
<testsuite name="backend/specs/locations.spec.ts" timestamp="2025-05-01T19:56:56.301Z" hostname="api" tests="1" failures="1" skipped="0" time="0.183" errors="0">
<testcase name="/location Endpoint Scenarios › Should return a valid location for a given ID or name @api @location" classname="backend/specs/locations.spec.ts" time="0.183">
<failure message="locations.spec.ts:6:7 Should return a valid location for a given ID or name @api @location" type="FAILURE">
<![CDATA[  [api] › backend/specs/locations.spec.ts:6:7 › /location Endpoint Scenarios › Should return a valid location for a given ID or name @api @location 

    Error: expect(received).toBe(expected) // Object.is equality

    Expected: 200
    Received: 404

       9 |     const locationName = getRandomLocation();
      10 |     const response = await getLocation(request, locationName);
    > 11 |     expect(response.status()).toBe(200);
         |                               ^
      12 |
      13 |     const data = await response.json();
      14 |
        at /Users/isabelaalborghetti/Documents/Home-Assessment-Challenge/tests/backend/specs/locations.spec.ts:11:31

    Error Context: ../test-results/specs-locations--location--5417d-ven-ID-or-name-api-location-api/error-context.md
]]>
</failure>
<system-out>
<![CDATA[
[[ATTACHMENT|specs-locations--location--5417d-ven-ID-or-name-api-location-api/error-context.md]]
]]>
</system-out>
</testcase>
</testsuite>
<testsuite name="backend/specs/moves.spec.ts" timestamp="2025-05-01T19:56:56.301Z" hostname="api" tests="1" failures="0" skipped="0" time="0.197" errors="0">
<testcase name="/moves Endpoint Scenarios › Should return valid structure for a known move @api @moves" classname="backend/specs/moves.spec.ts" time="0.197">
<system-out>
<![CDATA[Successfully validated the structure of the move data
]]>
</system-out>
</testcase>
</testsuite>
<testsuite name="backend/specs/pokemon.spec.ts" timestamp="2025-05-01T19:56:56.301Z" hostname="api" tests="2" failures="0" skipped="0" time="0.291" errors="0">
<testcase name="/pokemon Endpoint Scenarios › Should return valid structure for a known Pokémon @api @pokemon" classname="backend/specs/pokemon.spec.ts" time="0.236">
<system-out>
<![CDATA[Successfully validated the structure of the Pokémon data
]]>
</system-out>
</testcase>
<testcase name="/pokemon Endpoint Scenarios › Should return a 404 error for a non-existent Pokémon @api @pokemon" classname="backend/specs/pokemon.spec.ts" time="0.055">
<system-out>
<![CDATA[Successfully validated the 404 error for a non-existent Pokémon
]]>
</system-out>
</testcase>
</testsuite>
</testsuites>